

Microchip MPLAB XC8 Assembler V2.36 build 20220127204148 
                                                                                               Mon May 23 23:49:51 2022

Microchip MPLAB XC8 C Compiler v2.36 (Free license) build 20220127204148 Og1 
     1                           	processor	16F84A
     2                           	pagewidth 120
     3                           	opt	flic
     4                           	psect	cinit,global,class=CODE,merge=1,delta=2
     5                           	psect	cstackBANK0,global,class=BANK0,space=1,delta=1,noexec
     6                           	psect	maintext,global,class=CODE,split=1,delta=2
     7                           	psect	idloc,global,abs,ovrld,class=IDLOC,space=5,delta=2,noexec
     8                           	psect	config,global,abs,ovrld,class=CONFIG,space=4,delta=2,noexec
     9                           	dabs	1,0x4E,2
    10  0000                     
    11                           ; Version 2.40
    12                           ; Generated 17/11/2021 GMT
    13                           ; 
    14                           ; Copyright © 2021, Microchip Technology Inc. and its subsidiaries ("Microchip")
    15                           ; All rights reserved.
    16                           ; 
    17                           ; This software is developed by Microchip Technology Inc. and its subsidiaries ("Microch
      +                          ip").
    18                           ; 
    19                           ; Redistribution and use in source and binary forms, with or without modification, are
    20                           ; permitted provided that the following conditions are met:
    21                           ; 
    22                           ;     1. Redistributions of source code must retain the above copyright notice, this lis
      +                          t of
    23                           ;        conditions and the following disclaimer.
    24                           ; 
    25                           ;     2. Redistributions in binary form must reproduce the above copyright notice, this 
      +                          list
    26                           ;        of conditions and the following disclaimer in the documentation and/or other
    27                           ;        materials provided with the distribution. Publication is not required when
    28                           ;        this file is used in an embedded application.
    29                           ; 
    30                           ;     3. Microchip's name may not be used to endorse or promote products derived from th
      +                          is
    31                           ;        software without specific prior written permission.
    32                           ; 
    33                           ; THIS SOFTWARE IS PROVIDED BY MICROCHIP "AS IS" AND ANY EXPRESS OR IMPLIED WARRANTIES,
    34                           ; INCLUDING, BUT NOT LIMITED TO, THE IMPLIED WARRANTIES OF MERCHANTABILITY AND FITNESS F
      +                          OR
    35                           ; PURPOSE ARE DISCLAIMED.  IN NO EVENT SHALL MICROCHIP BE LIABLE FOR ANY DIRECT, INDIREC
      +                          T,
    36                           ; INCIDENTAL, SPECIAL, EXEMPLARY, OR CONSEQUENTIAL DAMAGES (INCLUDING BUT NOT LIMITED TO
    37                           ; PROCUREMENT OF SUBSTITUTE GOODS OR SERVICES; LOSS OF USE, DATA OR PROFITS; OR BUSINESS
    38                           ; INTERRUPTION) HOWSOEVER CAUSED AND ON ANY THEORY OF LIABILITY, WHETHER IN CONTRACT, ST
      +                          RICT
    39                           ; LIABILITY, OR TORT (INCLUDING NEGLIGENCE OR OTHERWISE) ARISING IN ANY WAY OUT OF THE U
      +                          SE OF
    40                           ; THIS SOFTWARE, EVEN IF ADVISED OF THE POSSIBILITY OF SUCH DAMAGE.
    41                           ; 
    42                           ; 
    43                           ; Code-generator required, PIC16F84A Definitions
    44                           ; 
    45                           ; SFR Addresses
    46  0000                     	;# 
    47  0001                     	;# 
    48  0002                     	;# 
    49  0003                     	;# 
    50  0004                     	;# 
    51  0005                     	;# 
    52  0006                     	;# 
    53  0008                     	;# 
    54  0009                     	;# 
    55  000A                     	;# 
    56  000B                     	;# 
    57  0081                     	;# 
    58  0085                     	;# 
    59  0086                     	;# 
    60  0088                     	;# 
    61  0089                     	;# 
    62  0000                     	;# 
    63  0001                     	;# 
    64  0002                     	;# 
    65  0003                     	;# 
    66  0004                     	;# 
    67  0005                     	;# 
    68  0006                     	;# 
    69  0008                     	;# 
    70  0009                     	;# 
    71  000A                     	;# 
    72  000B                     	;# 
    73  0081                     	;# 
    74  0085                     	;# 
    75  0086                     	;# 
    76  0088                     	;# 
    77  0089                     	;# 
    78  0032                     _RB2	set	50
    79  0031                     _RB1	set	49
    80  0086                     _TRISB	set	134
    81                           
    82                           	psect	cinit
    83  03FE                     start_initialization:	
    84                           ; #config settings
    85                           
    86  03FE                     __initialization:
    87  03FE                     end_of_initialization:	
    88                           ;End of C runtime variable initialization code
    89                           
    90  03FE                     __end_of__initialization:
    91  03FE  0183               	clrf	3
    92  03FF  2BED               	ljmp	_main	;jump to C main() function
    93                           
    94                           	psect	cstackBANK0
    95  000C                     __pcstackBANK0:
    96  000C                     ?_main:
    97  000C                     main@argc:	
    98                           ; 2 bytes @ 0x0
    99                           
   100                           
   101                           ; 2 bytes @ 0x0
   102  000C                     	ds	2
   103  000E                     main@argv:
   104                           
   105                           ; 2 bytes @ 0x2
   106  000E                     	ds	2
   107  0010                     ??_main:
   108                           
   109                           ; 1 bytes @ 0x4
   110  0010                     	ds	1
   111                           
   112                           	psect	maintext
   113  03ED                     __pmaintext:	
   114 ;;
   115 ;;Main: autosize = 0, tempsize = 1, incstack = 0, save=0
   116 ;;
   117 ;; *************** function _main *****************
   118 ;; Defined at:
   119 ;;		line 17 in file "main.c"
   120 ;; Parameters:    Size  Location     Type
   121 ;;  argc            2    0[BANK0 ] int 
   122 ;;  argv            2    2[BANK0 ] PTR PTR unsigned char 
   123 ;; Auto vars:     Size  Location     Type
   124 ;;		None
   125 ;; Return value:  Size  Location     Type
   126 ;;                  2    0[BANK0 ] int 
   127 ;; Registers used:
   128 ;;		wreg, status,2, status,0
   129 ;; Tracked objects:
   130 ;;		On entry : B00/0
   131 ;;		On exit  : 0/0
   132 ;;		Unchanged: 0/0
   133 ;; Data sizes:     COMMON   BANK0
   134 ;;      Params:         0       4
   135 ;;      Locals:         0       0
   136 ;;      Temps:          0       1
   137 ;;      Totals:         0       5
   138 ;;Total ram usage:        5 bytes
   139 ;; This function calls:
   140 ;;		Nothing
   141 ;; This function is called by:
   142 ;;		Startup code after reset
   143 ;; This function uses a non-reentrant model
   144 ;;
   145                           
   146  03ED                     _main:	
   147                           ;psect for function _main
   148                           
   149  03ED                     l616:	
   150                           ;incstack = 0
   151                           ; Regs used in _main: [wreg+status,2+status,0]
   152                           
   153                           
   154                           ;main.c: 19:     }
   155  03ED  30FB               	movlw	251
   156  03EE  1283               	bcf	3,5	;RP0=0, select bank0
   157  03EF  0090               	movwf	??_main
   158  03F0  0810               	movf	??_main,w
   159  03F1  1683               	bsf	3,5	;RP0=1, select bank1
   160  03F2  0586               	andwf	6,f	;volatile
   161  03F3                     l618:
   162                           
   163                           ;main.c: 20: }
   164  03F3  1486               	bsf	6,1	;volatile
   165  03F4                     l620:
   166  03F4  1283               	bcf	3,5	;RP0=0, select bank0
   167  03F5  1886               	btfsc	6,1	;volatile
   168  03F6  2BF8               	goto	u21
   169  03F7  2BF9               	goto	u20
   170  03F8                     u21:
   171  03F8  2BFB               	goto	l12
   172  03F9                     u20:
   173  03F9                     l622:
   174  03F9  1506               	bsf	6,2	;volatile
   175  03FA  2BF4               	goto	l620
   176  03FB                     l12:
   177  03FB  1106               	bcf	6,2	;volatile
   178  03FC  2BF4               	goto	l620
   179  03FD  2800               	ljmp	start
   180  03FE                     __end_of_main:
   181  004E                     btemp	set	78	;btemp
   182  004E                     wtemp0	set	78
   183                           
   184                           	psect	idloc
   185                           
   186                           ;Config register IDLOC0 @ 0x2000
   187                           ;	unspecified, using default values
   188  2000                     	org	8192
   189  2000  3FFF               	dw	16383
   190                           
   191                           ;Config register IDLOC1 @ 0x2001
   192                           ;	unspecified, using default values
   193  2001                     	org	8193
   194  2001  3FFF               	dw	16383
   195                           
   196                           ;Config register IDLOC2 @ 0x2002
   197                           ;	unspecified, using default values
   198  2002                     	org	8194
   199  2002  3FFF               	dw	16383
   200                           
   201                           ;Config register IDLOC3 @ 0x2003
   202                           ;	unspecified, using default values
   203  2003                     	org	8195
   204  2003  3FFF               	dw	16383
   205                           
   206                           	psect	config
   207                           
   208                           ;Config register CONFIG @ 0x2007
   209                           ;	Oscillator Selection bits
   210                           ;	FOSC = EXTRC, RC oscillator
   211                           ;	Watchdog Timer
   212                           ;	WDTE = OFF, WDT disabled
   213                           ;	Power-up Timer Enable bit
   214                           ;	PWRTE = OFF, Power-up Timer is disabled
   215                           ;	Code Protection bit
   216                           ;	CP = OFF, Code protection disabled
   217  2007                     	org	8199
   218  2007  3FFB               	dw	16379

Data Sizes:
    Strings     0
    Constant    0
    Data        0
    BSS         0
    Persistent  0
    Stack       0

Auto Spaces:
    Space          Size  Autos    Used
    COMMON            0      0       0
    BANK0            66      5       5

Pointer List with Targets:

    None.

Critical Paths under _main in COMMON

    None.

Critical Paths under _main in BANK0

    None.

Call Graph Tables:

 ---------------------------------------------------------------------------------
 (Depth) Function   	        Calls       Base Space   Used Autos Params    Refs
 ---------------------------------------------------------------------------------
 (0) _main                                                 5     1      4       0
                                              0 BANK0      5     1      4
 ---------------------------------------------------------------------------------
 Estimated maximum stack depth 0
 ---------------------------------------------------------------------------------

 Call Graph Graphs:

 _main (ROOT)

 Address spaces:
Name               Size   Autos  Total    Cost      Usage
BITCOMMON            0      0       0       0        0.0%
EEDATA              40      0       0       0        0.0%
NULL                 0      0       0       0        0.0%
CODE                 0      0       0       0        0.0%
BITSFR0              0      0       0       1        0.0%
SFR0                 0      0       0       1        0.0%
COMMON               0      0       0       1        0.0%
BITSFR1              0      0       0       2        0.0%
SFR1                 0      0       0       2        0.0%
STACK                0      0       0       2        0.0%
BANK0               42      5       5       3        7.6%
ABS                  0      0       0       4        0.0%
BITBANK0            42      0       0       5        0.0%
DATA                 0      0       0       6        0.0%


Microchip Technology PIC Macro Assembler V2.36 build 20220127204148 
Symbol Table                                                                                   Mon May 23 23:49:51 2022

                     l12 03FB                       u20 03F9                       u21 03F8  
                    l620 03F4                      l622 03F9                      l616 03ED  
                    l618 03F3                      _RB1 0031                      _RB2 0032  
                   _main 03ED                     btemp 004E                     start 0000  
                  ?_main 000C                    _TRISB 0086                    status 0003  
                  wtemp0 004E          __initialization 03FE             __end_of_main 03FE  
                 ??_main 0010  __end_of__initialization 03FE               __pmaintext 03ED  
   end_of_initialization 03FE      start_initialization 03FE                ___latbits 0000  
          __pcstackBANK0 000C                 main@argc 000C                 main@argv 000E  
